<?xml version="1.0" encoding="UTF-8"?>
<!-- Generated by org.testng.reporters.JUnitXMLReporter -->
<testsuite ignored="4" hostname="LTIN251341" failures="0" tests="19" name="ChromeTest" time="50.363" errors="0" timestamp="2024-03-06T21:59:11 IST">
  <testcase classname="testCases.TC_01_CabBooking" name="Handle_Popup" time="1.454"/>
  <testcase classname="testCases.TC_01_CabBooking" name="cabButton" time="1.799"/>
  <testcase classname="testCases.TC_01_CabBooking" name="txt_From" time="1.502"/>
  <testcase classname="testCases.TC_01_CabBooking" name="txt_To" time="5.686"/>
  <testcase classname="testCases.TC_01_CabBooking" name="Date" time="0.219"/>
  <testcase classname="testCases.TC_01_CabBooking" name="time" time="0.366"/>
  <testcase classname="testCases.TC_01_CabBooking" name="search" time="2.624"/>
  <testcase classname="testCases.TC_01_CabBooking" name="SUV" time="2.426"/>
  <testcase classname="testCases.TC_01_CabBooking" name="Printing_Lowest_price" time="0.192"/>
  <testcase classname="testCases.TC_02_weddingCard" name="Gift_cards" time="2.478"/>
  <testcase classname="testCases.TC_02_weddingCard" name="Wedding_Card" time="1.298"/>
  <testcase classname="testCases.TC_02_weddingCard" name="Emailbutton" time="3.717"/>
  <testcase classname="testCases.TC_02_weddingCard" name="SendEmail" time="0.362"/>
  <testcase classname="testCases.TC_02_weddingCard" name="BuyButton" time="0.361"/>
  <testcase classname="testCases.TC_02_weddingCard" name="error" time="2.092"/>
  <testcase classname="testCases.TC_03_Hotels" name="hotels" time="4.788"/>
  <testcase classname="testCases.TC_03_Hotels" name="Guest" time="0.958"/>
  <testcase classname="testCases.TC_03_Hotels" name="adults" time="1.942"/>
  <testcase classname="testCases.TC_03_Hotels" name="ExcelIntegration" time="3.162"/>
  <testcase classname="testBase.BaseClass" name="@BeforeTest setup" time="0.0">
    <ignored/>
  </testcase> <!-- @BeforeTest setup -->
  <testcase classname="testBase.BaseClass" name="@AfterTest teardown" time="0.0">
    <ignored/>
  </testcase> <!-- @AfterTest teardown -->
  <testcase classname="testBase.BaseClass" name="@BeforeTest setup" time="0.0">
    <ignored/>
  </testcase> <!-- @BeforeTest setup -->
  <testcase classname="testBase.BaseClass" name="@AfterTest teardown" time="0.0">
    <ignored/>
  </testcase> <!-- @AfterTest teardown -->
</testsuite> <!-- ChromeTest -->
