<?xml version="1.0" encoding="UTF-8"?>
<!-- Generated by org.testng.reporters.JUnitXMLReporter -->
<testsuite ignored="4" hostname="LTIN251341" failures="0" tests="19" name="ChromeTest" time="59.394" errors="0" timestamp="2024-03-09T21:48:57 IST">
  <testcase classname="testCases.TC_01_CabBooking" name="Handle_Popup" time="4.546"/>
  <testcase classname="testCases.TC_01_CabBooking" name="cabButton" time="7.409"/>
  <testcase classname="testCases.TC_01_CabBooking" name="txt_From" time="1.345"/>
  <testcase classname="testCases.TC_01_CabBooking" name="txt_To" time="5.909"/>
  <testcase classname="testCases.TC_01_CabBooking" name="Date" time="0.297"/>
  <testcase classname="testCases.TC_01_CabBooking" name="time" time="0.452"/>
  <testcase classname="testCases.TC_01_CabBooking" name="search" time="4.21"/>
  <testcase classname="testCases.TC_01_CabBooking" name="SUV" time="3.572"/>
  <testcase classname="testCases.TC_01_CabBooking" name="Printing_Lowest_price" time="0.21"/>
  <testcase classname="testCases.TC_02_weddingCard" name="Gift_cards" time="2.875"/>
  <testcase classname="testCases.TC_02_weddingCard" name="Wedding_Card" time="0.809"/>
  <testcase classname="testCases.TC_02_weddingCard" name="Emailbutton" time="3.839"/>
  <testcase classname="testCases.TC_02_weddingCard" name="SendEmail" time="0.318"/>
  <testcase classname="testCases.TC_02_weddingCard" name="BuyButton" time="0.295"/>
  <testcase classname="testCases.TC_02_weddingCard" name="error" time="2.072"/>
  <testcase classname="testCases.TC_03_Hotels" name="hotels" time="4.629"/>
  <testcase classname="testCases.TC_03_Hotels" name="Guest" time="1.211"/>
  <testcase classname="testCases.TC_03_Hotels" name="adults" time="1.851"/>
  <testcase classname="testCases.TC_03_Hotels" name="ExcelIntegration" time="2.521"/>
  <testcase classname="testBase.BaseClass" name="@BeforeTest setup" time="0.0">
    <ignored/>
  </testcase> <!-- @BeforeTest setup -->
  <testcase classname="testBase.BaseClass" name="@AfterTest teardown" time="0.0">
    <ignored/>
  </testcase> <!-- @AfterTest teardown -->
  <testcase classname="testBase.BaseClass" name="@BeforeTest setup" time="0.0">
    <ignored/>
  </testcase> <!-- @BeforeTest setup -->
  <testcase classname="testBase.BaseClass" name="@AfterTest teardown" time="0.0">
    <ignored/>
  </testcase> <!-- @AfterTest teardown -->
</testsuite> <!-- ChromeTest -->
