<?xml version="1.0" encoding="UTF-8"?>
<!-- Generated by org.testng.reporters.JUnitXMLReporter -->
<testsuite ignored="4" hostname="LTIN251341" failures="0" tests="19" name="EdgeTest" time="54.234" errors="0" timestamp="2024-03-09T21:49:51 IST">
  <testcase classname="testCases.TC_01_CabBooking" name="Handle_Popup" time="5.041"/>
  <testcase classname="testCases.TC_01_CabBooking" name="cabButton" time="4.26"/>
  <testcase classname="testCases.TC_01_CabBooking" name="txt_From" time="1.171"/>
  <testcase classname="testCases.TC_01_CabBooking" name="txt_To" time="5.654"/>
  <testcase classname="testCases.TC_01_CabBooking" name="Date" time="0.229"/>
  <testcase classname="testCases.TC_01_CabBooking" name="time" time="0.413"/>
  <testcase classname="testCases.TC_01_CabBooking" name="search" time="3.481"/>
  <testcase classname="testCases.TC_01_CabBooking" name="SUV" time="2.583"/>
  <testcase classname="testCases.TC_01_CabBooking" name="Printing_Lowest_price" time="0.18"/>
  <testcase classname="testCases.TC_02_weddingCard" name="Gift_cards" time="2.583"/>
  <testcase classname="testCases.TC_02_weddingCard" name="Wedding_Card" time="0.74"/>
  <testcase classname="testCases.TC_02_weddingCard" name="Emailbutton" time="5.045"/>
  <testcase classname="testCases.TC_02_weddingCard" name="SendEmail" time="0.315"/>
  <testcase classname="testCases.TC_02_weddingCard" name="BuyButton" time="0.279"/>
  <testcase classname="testCases.TC_02_weddingCard" name="error" time="2.069"/>
  <testcase classname="testCases.TC_03_Hotels" name="hotels" time="4.755"/>
  <testcase classname="testCases.TC_03_Hotels" name="Guest" time="1.177"/>
  <testcase classname="testCases.TC_03_Hotels" name="adults" time="2.097"/>
  <testcase classname="testCases.TC_03_Hotels" name="ExcelIntegration" time="1.007"/>
  <testcase classname="testBase.BaseClass" name="@BeforeTest setup" time="0.0">
    <ignored/>
  </testcase> <!-- @BeforeTest setup -->
  <testcase classname="testBase.BaseClass" name="@AfterTest teardown" time="0.0">
    <ignored/>
  </testcase> <!-- @AfterTest teardown -->
  <testcase classname="testBase.BaseClass" name="@AfterTest teardown" time="0.0">
    <ignored/>
  </testcase> <!-- @AfterTest teardown -->
  <testcase classname="testBase.BaseClass" name="@BeforeTest setup" time="0.0">
    <ignored/>
  </testcase> <!-- @BeforeTest setup -->
</testsuite> <!-- EdgeTest -->
