<?xml version="1.0" encoding="UTF-8"?>
<!-- Generated by org.testng.reporters.JUnitXMLReporter -->
<testsuite ignored="4" hostname="LTIN251341" failures="0" tests="19" name="EdgeTest" time="52.328" errors="0" timestamp="2024-03-06T22:00:04 IST">
  <testcase classname="testCases.TC_01_CabBooking" name="Handle_Popup" time="1.365"/>
  <testcase classname="testCases.TC_01_CabBooking" name="cabButton" time="2.329"/>
  <testcase classname="testCases.TC_01_CabBooking" name="txt_From" time="1.808"/>
  <testcase classname="testCases.TC_01_CabBooking" name="txt_To" time="5.967"/>
  <testcase classname="testCases.TC_01_CabBooking" name="Date" time="0.257"/>
  <testcase classname="testCases.TC_01_CabBooking" name="time" time="0.368"/>
  <testcase classname="testCases.TC_01_CabBooking" name="search" time="3.239"/>
  <testcase classname="testCases.TC_01_CabBooking" name="SUV" time="1.238"/>
  <testcase classname="testCases.TC_01_CabBooking" name="Printing_Lowest_price" time="0.178"/>
  <testcase classname="testCases.TC_02_weddingCard" name="Gift_cards" time="3.134"/>
  <testcase classname="testCases.TC_02_weddingCard" name="Wedding_Card" time="0.709"/>
  <testcase classname="testCases.TC_02_weddingCard" name="Emailbutton" time="3.441"/>
  <testcase classname="testCases.TC_02_weddingCard" name="SendEmail" time="0.386"/>
  <testcase classname="testCases.TC_02_weddingCard" name="BuyButton" time="0.375"/>
  <testcase classname="testCases.TC_02_weddingCard" name="error" time="2.07"/>
  <testcase classname="testCases.TC_03_Hotels" name="hotels" time="4.746"/>
  <testcase classname="testCases.TC_03_Hotels" name="Guest" time="1.856"/>
  <testcase classname="testCases.TC_03_Hotels" name="adults" time="1.416"/>
  <testcase classname="testCases.TC_03_Hotels" name="ExcelIntegration" time="0.955"/>
  <testcase classname="testBase.BaseClass" name="@BeforeTest setup" time="0.0">
    <ignored/>
  </testcase> <!-- @BeforeTest setup -->
  <testcase classname="testBase.BaseClass" name="@AfterTest teardown" time="0.0">
    <ignored/>
  </testcase> <!-- @AfterTest teardown -->
  <testcase classname="testBase.BaseClass" name="@AfterTest teardown" time="0.0">
    <ignored/>
  </testcase> <!-- @AfterTest teardown -->
  <testcase classname="testBase.BaseClass" name="@BeforeTest setup" time="0.0">
    <ignored/>
  </testcase> <!-- @BeforeTest setup -->
</testsuite> <!-- EdgeTest -->
