<?xml version="1.0" encoding="UTF-8"?>
<!-- Generated by org.testng.reporters.JUnitXMLReporter -->
<testsuite ignored="4" hostname="LTIN251341" failures="0" tests="19" name="Test" time="110.966" errors="0" timestamp="2024-03-09T22:12:20 IST">
  <testcase classname="testCases.TC_01_CabBooking" name="Handle_Popup" time="4.682"/>
  <testcase classname="testCases.TC_01_CabBooking" name="cabButton" time="7.586"/>
  <testcase classname="testCases.TC_01_CabBooking" name="txt_From" time="1.048"/>
  <testcase classname="testCases.TC_01_CabBooking" name="txt_To" time="5.825"/>
  <testcase classname="testCases.TC_01_CabBooking" name="Date" time="0.265"/>
  <testcase classname="testCases.TC_01_CabBooking" name="time" time="0.395"/>
  <testcase classname="testCases.TC_01_CabBooking" name="search" time="7.302"/>
  <testcase classname="testCases.TC_01_CabBooking" name="SUV" time="0.855"/>
  <testcase classname="testCases.TC_01_CabBooking" name="Printing_Lowest_price" time="0.157"/>
  <testcase classname="testCases.TC_02_weddingCard" name="Gift_cards" time="5.329"/>
  <testcase classname="testCases.TC_02_weddingCard" name="Wedding_Card" time="0.559"/>
  <testcase classname="testCases.TC_02_weddingCard" name="Emailbutton" time="3.897"/>
  <testcase classname="testCases.TC_02_weddingCard" name="SendEmail" time="0.313"/>
  <testcase classname="testCases.TC_02_weddingCard" name="BuyButton" time="0.325"/>
  <testcase classname="testCases.TC_02_weddingCard" name="error" time="2.054"/>
  <testcase classname="testCases.TC_03_Hotels" name="hotels" time="4.685"/>
  <testcase classname="testCases.TC_03_Hotels" name="Guest" time="0.886"/>
  <testcase classname="testCases.TC_03_Hotels" name="adults" time="2.169"/>
  <testcase classname="testCases.TC_03_Hotels" name="ExcelIntegration" time="2.968"/>
  <testcase classname="testBase.BaseClass" name="@BeforeTest setup" time="0.0">
    <ignored/>
  </testcase> <!-- @BeforeTest setup -->
  <testcase classname="testBase.BaseClass" name="@BeforeTest setup" time="0.0">
    <ignored/>
  </testcase> <!-- @BeforeTest setup -->
  <testcase classname="testBase.BaseClass" name="@AfterTest teardown" time="0.0">
    <ignored/>
  </testcase> <!-- @AfterTest teardown -->
  <testcase classname="testBase.BaseClass" name="@AfterTest teardown" time="0.0">
    <ignored/>
  </testcase> <!-- @AfterTest teardown -->
</testsuite> <!-- Test -->
