<?xml version="1.0" encoding="UTF-8"?>
<!-- Generated by org.testng.reporters.JUnitXMLReporter -->
<testsuite ignored="4" hostname="LTIN251341" failures="0" tests="19" name="Test" time="103.891" errors="0" timestamp="2024-03-07T13:53:22 IST">
  <testcase classname="testCases.TC_01_CabBooking" name="Handle_Popup" time="20.156"/>
  <testcase classname="testCases.TC_01_CabBooking" name="cabButton" time="0.339"/>
  <testcase classname="testCases.TC_01_CabBooking" name="txt_From" time="1.716"/>
  <testcase classname="testCases.TC_01_CabBooking" name="txt_To" time="5.417"/>
  <testcase classname="testCases.TC_01_CabBooking" name="Date" time="0.117"/>
  <testcase classname="testCases.TC_01_CabBooking" name="time" time="0.169"/>
  <testcase classname="testCases.TC_01_CabBooking" name="search" time="5.08"/>
  <testcase classname="testCases.TC_01_CabBooking" name="SUV" time="0.193"/>
  <testcase classname="testCases.TC_01_CabBooking" name="Printing_Lowest_price" time="0.077"/>
  <testcase classname="testCases.TC_02_weddingCard" name="Gift_cards" time="2.573"/>
  <testcase classname="testCases.TC_02_weddingCard" name="Wedding_Card" time="0.382"/>
  <testcase classname="testCases.TC_02_weddingCard" name="Emailbutton" time="3.744"/>
  <testcase classname="testCases.TC_02_weddingCard" name="SendEmail" time="0.251"/>
  <testcase classname="testCases.TC_02_weddingCard" name="BuyButton" time="0.195"/>
  <testcase classname="testCases.TC_02_weddingCard" name="error" time="2.049"/>
  <testcase classname="testCases.TC_03_Hotels" name="hotels" time="4.421"/>
  <testcase classname="testCases.TC_03_Hotels" name="Guest" time="0.658"/>
  <testcase classname="testCases.TC_03_Hotels" name="adults" time="1.417"/>
  <testcase classname="testCases.TC_03_Hotels" name="ExcelIntegration" time="1.908"/>
  <testcase classname="testBase.BaseClass" name="@AfterTest teardown" time="0.0">
    <ignored/>
  </testcase> <!-- @AfterTest teardown -->
  <testcase classname="testBase.BaseClass" name="@AfterTest teardown" time="0.0">
    <ignored/>
  </testcase> <!-- @AfterTest teardown -->
  <testcase classname="testBase.BaseClass" name="@BeforeTest setup" time="0.0">
    <ignored/>
  </testcase> <!-- @BeforeTest setup -->
  <testcase classname="testBase.BaseClass" name="@BeforeTest setup" time="0.0">
    <ignored/>
  </testcase> <!-- @BeforeTest setup -->
</testsuite> <!-- Test -->
