<?xml version="1.0" encoding="UTF-8"?>
<!-- Generated by org.testng.reporters.JUnitXMLReporter -->
<testsuite ignored="4" hostname="LTIN251341" failures="0" tests="19" name="Test" time="107.743" errors="0" timestamp="2024-03-09T22:32:51 IST">
  <testcase classname="testCases.TC_01_CabBooking" name="Handle_Popup" time="2.599"/>
  <testcase classname="testCases.TC_01_CabBooking" name="cabButton" time="6.522"/>
  <testcase classname="testCases.TC_01_CabBooking" name="txt_From" time="1.387"/>
  <testcase classname="testCases.TC_01_CabBooking" name="txt_To" time="5.466"/>
  <testcase classname="testCases.TC_01_CabBooking" name="Date" time="0.138"/>
  <testcase classname="testCases.TC_01_CabBooking" name="time" time="0.269"/>
  <testcase classname="testCases.TC_01_CabBooking" name="search" time="4.839"/>
  <testcase classname="testCases.TC_01_CabBooking" name="SUV" time="1.413"/>
  <testcase classname="testCases.TC_01_CabBooking" name="Printing_Lowest_price" time="0.123"/>
  <testcase classname="testCases.TC_02_weddingCard" name="Gift_cards" time="2.211"/>
  <testcase classname="testCases.TC_02_weddingCard" name="Wedding_Card" time="0.329"/>
  <testcase classname="testCases.TC_02_weddingCard" name="Emailbutton" time="3.273"/>
  <testcase classname="testCases.TC_02_weddingCard" name="SendEmail" time="0.3"/>
  <testcase classname="testCases.TC_02_weddingCard" name="BuyButton" time="0.247"/>
  <testcase classname="testCases.TC_02_weddingCard" name="error" time="2.044"/>
  <testcase classname="testCases.TC_03_Hotels" name="hotels" time="4.467"/>
  <testcase classname="testCases.TC_03_Hotels" name="Guest" time="0.866"/>
  <testcase classname="testCases.TC_03_Hotels" name="adults" time="1.252"/>
  <testcase classname="testCases.TC_03_Hotels" name="ExcelIntegration" time="2.095"/>
  <testcase classname="testBase.BaseClass" name="@AfterTest teardown" time="0.0">
    <ignored/>
  </testcase> <!-- @AfterTest teardown -->
  <testcase classname="testBase.BaseClass" name="@AfterTest teardown" time="0.0">
    <ignored/>
  </testcase> <!-- @AfterTest teardown -->
  <testcase classname="testBase.BaseClass" name="@BeforeTest setup" time="0.0">
    <ignored/>
  </testcase> <!-- @BeforeTest setup -->
  <testcase classname="testBase.BaseClass" name="@BeforeTest setup" time="0.0">
    <ignored/>
  </testcase> <!-- @BeforeTest setup -->
</testsuite> <!-- Test -->
