<?xml version="1.0" encoding="UTF-8"?>
<testng-results ignored="0" total="19" passed="19" failed="0" skipped="0">
  <reporter-output>
  </reporter-output>
  <suite started-at="2024-03-07T13:51:37 IST" name="Suite" finished-at="2024-03-07T13:53:21 IST" duration-ms="103891">
    <groups>
      <group name="regression">
        <method signature="TC_01_CabBooking.txt_From()[pri:4, instance:testCases.TC_01_CabBooking@53bd8fca]" name="txt_From" class="testCases.TC_01_CabBooking"/>
        <method signature="TC_01_CabBooking.txt_To()[pri:5, instance:testCases.TC_01_CabBooking@53bd8fca]" name="txt_To" class="testCases.TC_01_CabBooking"/>
        <method signature="TC_01_CabBooking.Date()[pri:6, instance:testCases.TC_01_CabBooking@53bd8fca]" name="Date" class="testCases.TC_01_CabBooking"/>
        <method signature="TC_01_CabBooking.time()[pri:7, instance:testCases.TC_01_CabBooking@53bd8fca]" name="time" class="testCases.TC_01_CabBooking"/>
        <method signature="TC_01_CabBooking.SUV()[pri:9, instance:testCases.TC_01_CabBooking@53bd8fca]" name="SUV" class="testCases.TC_01_CabBooking"/>
        <method signature="TC_01_CabBooking.Printing_Lowest_price()[pri:10, instance:testCases.TC_01_CabBooking@53bd8fca]" name="Printing_Lowest_price" class="testCases.TC_01_CabBooking"/>
        <method signature="TC_02_weddingCard.Wedding_Card()[pri:12, instance:testCases.TC_02_weddingCard@1fdf1c5]" name="Wedding_Card" class="testCases.TC_02_weddingCard"/>
        <method signature="TC_02_weddingCard.Emailbutton()[pri:13, instance:testCases.TC_02_weddingCard@1fdf1c5]" name="Emailbutton" class="testCases.TC_02_weddingCard"/>
        <method signature="TC_02_weddingCard.SendEmail()[pri:14, instance:testCases.TC_02_weddingCard@1fdf1c5]" name="SendEmail" class="testCases.TC_02_weddingCard"/>
        <method signature="TC_02_weddingCard.BuyButton()[pri:15, instance:testCases.TC_02_weddingCard@1fdf1c5]" name="BuyButton" class="testCases.TC_02_weddingCard"/>
        <method signature="TC_02_weddingCard.error()[pri:16, instance:testCases.TC_02_weddingCard@1fdf1c5]" name="error" class="testCases.TC_02_weddingCard"/>
        <method signature="TC_03_Hotels.Guest()[pri:18, instance:testCases.TC_03_Hotels@2d96543c]" name="Guest" class="testCases.TC_03_Hotels"/>
        <method signature="TC_03_Hotels.adults()[pri:19, instance:testCases.TC_03_Hotels@2d96543c]" name="adults" class="testCases.TC_03_Hotels"/>
        <method signature="TC_03_Hotels.ExcelIntegration()[pri:20, instance:testCases.TC_03_Hotels@2d96543c]" name="ExcelIntegration" class="testCases.TC_03_Hotels"/>
      </group> <!-- regression -->
      <group name="sanity">
        <method signature="TC_01_CabBooking.Handle_Popup()[pri:2, instance:testCases.TC_01_CabBooking@53bd8fca]" name="Handle_Popup" class="testCases.TC_01_CabBooking"/>
        <method signature="TC_01_CabBooking.cabButton()[pri:3, instance:testCases.TC_01_CabBooking@53bd8fca]" name="cabButton" class="testCases.TC_01_CabBooking"/>
        <method signature="TC_01_CabBooking.search()[pri:8, instance:testCases.TC_01_CabBooking@53bd8fca]" name="search" class="testCases.TC_01_CabBooking"/>
        <method signature="TC_02_weddingCard.Gift_cards()[pri:11, instance:testCases.TC_02_weddingCard@1fdf1c5]" name="Gift_cards" class="testCases.TC_02_weddingCard"/>
        <method signature="TC_03_Hotels.hotels()[pri:17, instance:testCases.TC_03_Hotels@2d96543c]" name="hotels" class="testCases.TC_03_Hotels"/>
        <method signature="TC_03_Hotels.ExcelIntegration()[pri:20, instance:testCases.TC_03_Hotels@2d96543c]" name="ExcelIntegration" class="testCases.TC_03_Hotels"/>
      </group> <!-- sanity -->
      <group name="master">
        <method signature="TC_01_CabBooking.Handle_Popup()[pri:2, instance:testCases.TC_01_CabBooking@53bd8fca]" name="Handle_Popup" class="testCases.TC_01_CabBooking"/>
        <method signature="TC_01_CabBooking.cabButton()[pri:3, instance:testCases.TC_01_CabBooking@53bd8fca]" name="cabButton" class="testCases.TC_01_CabBooking"/>
        <method signature="TC_01_CabBooking.txt_From()[pri:4, instance:testCases.TC_01_CabBooking@53bd8fca]" name="txt_From" class="testCases.TC_01_CabBooking"/>
        <method signature="TC_01_CabBooking.txt_To()[pri:5, instance:testCases.TC_01_CabBooking@53bd8fca]" name="txt_To" class="testCases.TC_01_CabBooking"/>
        <method signature="TC_01_CabBooking.Date()[pri:6, instance:testCases.TC_01_CabBooking@53bd8fca]" name="Date" class="testCases.TC_01_CabBooking"/>
        <method signature="TC_01_CabBooking.time()[pri:7, instance:testCases.TC_01_CabBooking@53bd8fca]" name="time" class="testCases.TC_01_CabBooking"/>
        <method signature="TC_01_CabBooking.search()[pri:8, instance:testCases.TC_01_CabBooking@53bd8fca]" name="search" class="testCases.TC_01_CabBooking"/>
        <method signature="TC_01_CabBooking.SUV()[pri:9, instance:testCases.TC_01_CabBooking@53bd8fca]" name="SUV" class="testCases.TC_01_CabBooking"/>
        <method signature="TC_01_CabBooking.Printing_Lowest_price()[pri:10, instance:testCases.TC_01_CabBooking@53bd8fca]" name="Printing_Lowest_price" class="testCases.TC_01_CabBooking"/>
        <method signature="TC_02_weddingCard.Wedding_Card()[pri:12, instance:testCases.TC_02_weddingCard@1fdf1c5]" name="Wedding_Card" class="testCases.TC_02_weddingCard"/>
        <method signature="TC_02_weddingCard.Emailbutton()[pri:13, instance:testCases.TC_02_weddingCard@1fdf1c5]" name="Emailbutton" class="testCases.TC_02_weddingCard"/>
        <method signature="TC_02_weddingCard.SendEmail()[pri:14, instance:testCases.TC_02_weddingCard@1fdf1c5]" name="SendEmail" class="testCases.TC_02_weddingCard"/>
        <method signature="TC_02_weddingCard.BuyButton()[pri:15, instance:testCases.TC_02_weddingCard@1fdf1c5]" name="BuyButton" class="testCases.TC_02_weddingCard"/>
        <method signature="TC_02_weddingCard.error()[pri:16, instance:testCases.TC_02_weddingCard@1fdf1c5]" name="error" class="testCases.TC_02_weddingCard"/>
        <method signature="TC_03_Hotels.Guest()[pri:18, instance:testCases.TC_03_Hotels@2d96543c]" name="Guest" class="testCases.TC_03_Hotels"/>
        <method signature="TC_03_Hotels.adults()[pri:19, instance:testCases.TC_03_Hotels@2d96543c]" name="adults" class="testCases.TC_03_Hotels"/>
        <method signature="TC_03_Hotels.ExcelIntegration()[pri:20, instance:testCases.TC_03_Hotels@2d96543c]" name="ExcelIntegration" class="testCases.TC_03_Hotels"/>
      </group> <!-- master -->
    </groups>
    <test started-at="2024-03-07T13:51:37 IST" name="Test" finished-at="2024-03-07T13:53:21 IST" duration-ms="103891">
      <class name="testCases.TC_03_Hotels">
        <test-method signature="hotels()[pri:17, instance:testCases.TC_03_Hotels@2d96543c]" started-at="2024-03-07T13:53:10 IST" name="hotels" finished-at="2024-03-07T13:53:15 IST" duration-ms="4421" status="PASS">
          <reporter-output>
          </reporter-output>
        </test-method> <!-- hotels -->
        <test-method signature="Guest()[pri:18, instance:testCases.TC_03_Hotels@2d96543c]" started-at="2024-03-07T13:53:15 IST" name="Guest" finished-at="2024-03-07T13:53:16 IST" duration-ms="658" status="PASS">
          <reporter-output>
          </reporter-output>
        </test-method> <!-- Guest -->
        <test-method signature="adults()[pri:19, instance:testCases.TC_03_Hotels@2d96543c]" started-at="2024-03-07T13:53:16 IST" name="adults" finished-at="2024-03-07T13:53:17 IST" duration-ms="1417" status="PASS">
          <reporter-output>
          </reporter-output>
        </test-method> <!-- adults -->
        <test-method signature="ExcelIntegration()[pri:20, instance:testCases.TC_03_Hotels@2d96543c]" started-at="2024-03-07T13:53:17 IST" name="ExcelIntegration" finished-at="2024-03-07T13:53:19 IST" duration-ms="1908" status="PASS">
          <reporter-output>
          </reporter-output>
        </test-method> <!-- ExcelIntegration -->
      </class> <!-- testCases.TC_03_Hotels -->
      <class name="testCases.TC_01_CabBooking">
        <test-method is-config="true" signature="setup(java.lang.String,java.lang.String)[pri:0, instance:testCases.TC_01_CabBooking@53bd8fca]" started-at="2024-03-07T13:51:38 IST" name="setup" finished-at="2024-03-07T13:52:25 IST" duration-ms="47011" status="PASS">
          <params>
            <param index="0">
              <value>
                <![CDATA[windows]]>
              </value>
            </param>
            <param index="1">
              <value>
                <![CDATA[chrome]]>
              </value>
            </param>
          </params>
          <reporter-output>
          </reporter-output>
        </test-method> <!-- setup -->
        <test-method signature="Handle_Popup()[pri:2, instance:testCases.TC_01_CabBooking@53bd8fca]" started-at="2024-03-07T13:52:25 IST" name="Handle_Popup" finished-at="2024-03-07T13:52:45 IST" duration-ms="20156" status="PASS">
          <reporter-output>
          </reporter-output>
        </test-method> <!-- Handle_Popup -->
        <test-method signature="cabButton()[pri:3, instance:testCases.TC_01_CabBooking@53bd8fca]" started-at="2024-03-07T13:52:45 IST" name="cabButton" finished-at="2024-03-07T13:52:46 IST" duration-ms="339" status="PASS">
          <reporter-output>
          </reporter-output>
        </test-method> <!-- cabButton -->
        <test-method signature="txt_From()[pri:4, instance:testCases.TC_01_CabBooking@53bd8fca]" started-at="2024-03-07T13:52:46 IST" name="txt_From" finished-at="2024-03-07T13:52:48 IST" duration-ms="1716" status="PASS">
          <reporter-output>
          </reporter-output>
        </test-method> <!-- txt_From -->
        <test-method signature="txt_To()[pri:5, instance:testCases.TC_01_CabBooking@53bd8fca]" started-at="2024-03-07T13:52:48 IST" name="txt_To" finished-at="2024-03-07T13:52:53 IST" duration-ms="5417" status="PASS">
          <reporter-output>
          </reporter-output>
        </test-method> <!-- txt_To -->
        <test-method signature="Date()[pri:6, instance:testCases.TC_01_CabBooking@53bd8fca]" started-at="2024-03-07T13:52:54 IST" name="Date" finished-at="2024-03-07T13:52:54 IST" duration-ms="117" status="PASS">
          <reporter-output>
          </reporter-output>
        </test-method> <!-- Date -->
        <test-method signature="time()[pri:7, instance:testCases.TC_01_CabBooking@53bd8fca]" started-at="2024-03-07T13:52:54 IST" name="time" finished-at="2024-03-07T13:52:54 IST" duration-ms="169" status="PASS">
          <reporter-output>
          </reporter-output>
        </test-method> <!-- time -->
        <test-method signature="search()[pri:8, instance:testCases.TC_01_CabBooking@53bd8fca]" started-at="2024-03-07T13:52:54 IST" name="search" finished-at="2024-03-07T13:52:59 IST" duration-ms="5080" status="PASS">
          <reporter-output>
          </reporter-output>
        </test-method> <!-- search -->
        <test-method signature="SUV()[pri:9, instance:testCases.TC_01_CabBooking@53bd8fca]" started-at="2024-03-07T13:53:00 IST" name="SUV" finished-at="2024-03-07T13:53:00 IST" duration-ms="193" status="PASS">
          <reporter-output>
          </reporter-output>
        </test-method> <!-- SUV -->
        <test-method signature="Printing_Lowest_price()[pri:10, instance:testCases.TC_01_CabBooking@53bd8fca]" started-at="2024-03-07T13:53:00 IST" name="Printing_Lowest_price" finished-at="2024-03-07T13:53:00 IST" duration-ms="77" status="PASS">
          <reporter-output>
          </reporter-output>
        </test-method> <!-- Printing_Lowest_price -->
        <test-method is-config="true" signature="teardown()[pri:0, instance:testCases.TC_01_CabBooking@53bd8fca]" started-at="2024-03-07T13:53:20 IST" name="teardown" finished-at="2024-03-07T13:53:21 IST" duration-ms="1395" status="PASS">
          <reporter-output>
          </reporter-output>
        </test-method> <!-- teardown -->
      </class> <!-- testCases.TC_01_CabBooking -->
      <class name="testCases.TC_02_weddingCard">
        <test-method signature="Gift_cards()[pri:11, instance:testCases.TC_02_weddingCard@1fdf1c5]" started-at="2024-03-07T13:53:00 IST" name="Gift_cards" finished-at="2024-03-07T13:53:03 IST" duration-ms="2573" status="PASS">
          <reporter-output>
          </reporter-output>
        </test-method> <!-- Gift_cards -->
        <test-method signature="Wedding_Card()[pri:12, instance:testCases.TC_02_weddingCard@1fdf1c5]" started-at="2024-03-07T13:53:03 IST" name="Wedding_Card" finished-at="2024-03-07T13:53:03 IST" duration-ms="382" status="PASS">
          <reporter-output>
          </reporter-output>
        </test-method> <!-- Wedding_Card -->
        <test-method signature="Emailbutton()[pri:13, instance:testCases.TC_02_weddingCard@1fdf1c5]" started-at="2024-03-07T13:53:03 IST" name="Emailbutton" finished-at="2024-03-07T13:53:07 IST" duration-ms="3744" status="PASS">
          <reporter-output>
          </reporter-output>
        </test-method> <!-- Emailbutton -->
        <test-method signature="SendEmail()[pri:14, instance:testCases.TC_02_weddingCard@1fdf1c5]" started-at="2024-03-07T13:53:07 IST" name="SendEmail" finished-at="2024-03-07T13:53:08 IST" duration-ms="251" status="PASS">
          <reporter-output>
          </reporter-output>
        </test-method> <!-- SendEmail -->
        <test-method signature="BuyButton()[pri:15, instance:testCases.TC_02_weddingCard@1fdf1c5]" started-at="2024-03-07T13:53:08 IST" name="BuyButton" finished-at="2024-03-07T13:53:08 IST" duration-ms="195" status="PASS">
          <reporter-output>
          </reporter-output>
        </test-method> <!-- BuyButton -->
        <test-method signature="error()[pri:16, instance:testCases.TC_02_weddingCard@1fdf1c5]" started-at="2024-03-07T13:53:08 IST" name="error" finished-at="2024-03-07T13:53:10 IST" duration-ms="2049" status="PASS">
          <reporter-output>
          </reporter-output>
        </test-method> <!-- error -->
      </class> <!-- testCases.TC_02_weddingCard -->
    </test> <!-- Test -->
  </suite> <!-- Suite -->
</testng-results>
