<?xml version="1.0" encoding="UTF-8"?>
<testng-results ignored="0" total="19" passed="19" failed="0" skipped="0">
  <reporter-output>
  </reporter-output>
  <suite started-at="2024-03-09T22:31:03 IST" name="Suite" finished-at="2024-03-09T22:32:51 IST" duration-ms="107743">
    <groups>
      <group name="regression">
        <method signature="TC_01_CabBooking.txt_From()[pri:4, instance:testCases.TC_01_CabBooking@53bd8fca]" name="txt_From" class="testCases.TC_01_CabBooking"/>
        <method signature="TC_01_CabBooking.txt_To()[pri:5, instance:testCases.TC_01_CabBooking@53bd8fca]" name="txt_To" class="testCases.TC_01_CabBooking"/>
        <method signature="TC_01_CabBooking.Date()[pri:6, instance:testCases.TC_01_CabBooking@53bd8fca]" name="Date" class="testCases.TC_01_CabBooking"/>
        <method signature="TC_01_CabBooking.time()[pri:7, instance:testCases.TC_01_CabBooking@53bd8fca]" name="time" class="testCases.TC_01_CabBooking"/>
        <method signature="TC_01_CabBooking.SUV()[pri:9, instance:testCases.TC_01_CabBooking@53bd8fca]" name="SUV" class="testCases.TC_01_CabBooking"/>
        <method signature="TC_01_CabBooking.Printing_Lowest_price()[pri:10, instance:testCases.TC_01_CabBooking@53bd8fca]" name="Printing_Lowest_price" class="testCases.TC_01_CabBooking"/>
        <method signature="TC_02_weddingCard.Wedding_Card()[pri:12, instance:testCases.TC_02_weddingCard@1fdf1c5]" name="Wedding_Card" class="testCases.TC_02_weddingCard"/>
        <method signature="TC_02_weddingCard.Emailbutton()[pri:13, instance:testCases.TC_02_weddingCard@1fdf1c5]" name="Emailbutton" class="testCases.TC_02_weddingCard"/>
        <method signature="TC_02_weddingCard.SendEmail()[pri:14, instance:testCases.TC_02_weddingCard@1fdf1c5]" name="SendEmail" class="testCases.TC_02_weddingCard"/>
        <method signature="TC_02_weddingCard.BuyButton()[pri:15, instance:testCases.TC_02_weddingCard@1fdf1c5]" name="BuyButton" class="testCases.TC_02_weddingCard"/>
        <method signature="TC_02_weddingCard.error()[pri:16, instance:testCases.TC_02_weddingCard@1fdf1c5]" name="error" class="testCases.TC_02_weddingCard"/>
        <method signature="TC_03_Hotels.Guest()[pri:18, instance:testCases.TC_03_Hotels@2d96543c]" name="Guest" class="testCases.TC_03_Hotels"/>
        <method signature="TC_03_Hotels.adults()[pri:19, instance:testCases.TC_03_Hotels@2d96543c]" name="adults" class="testCases.TC_03_Hotels"/>
        <method signature="TC_03_Hotels.ExcelIntegration()[pri:20, instance:testCases.TC_03_Hotels@2d96543c]" name="ExcelIntegration" class="testCases.TC_03_Hotels"/>
      </group> <!-- regression -->
      <group name="sanity">
        <method signature="TC_01_CabBooking.Handle_Popup()[pri:2, instance:testCases.TC_01_CabBooking@53bd8fca]" name="Handle_Popup" class="testCases.TC_01_CabBooking"/>
        <method signature="TC_01_CabBooking.cabButton()[pri:3, instance:testCases.TC_01_CabBooking@53bd8fca]" name="cabButton" class="testCases.TC_01_CabBooking"/>
        <method signature="TC_01_CabBooking.search()[pri:8, instance:testCases.TC_01_CabBooking@53bd8fca]" name="search" class="testCases.TC_01_CabBooking"/>
        <method signature="TC_02_weddingCard.Gift_cards()[pri:11, instance:testCases.TC_02_weddingCard@1fdf1c5]" name="Gift_cards" class="testCases.TC_02_weddingCard"/>
        <method signature="TC_03_Hotels.hotels()[pri:17, instance:testCases.TC_03_Hotels@2d96543c]" name="hotels" class="testCases.TC_03_Hotels"/>
        <method signature="TC_03_Hotels.ExcelIntegration()[pri:20, instance:testCases.TC_03_Hotels@2d96543c]" name="ExcelIntegration" class="testCases.TC_03_Hotels"/>
      </group> <!-- sanity -->
      <group name="master">
        <method signature="TC_01_CabBooking.Handle_Popup()[pri:2, instance:testCases.TC_01_CabBooking@53bd8fca]" name="Handle_Popup" class="testCases.TC_01_CabBooking"/>
        <method signature="TC_01_CabBooking.cabButton()[pri:3, instance:testCases.TC_01_CabBooking@53bd8fca]" name="cabButton" class="testCases.TC_01_CabBooking"/>
        <method signature="TC_01_CabBooking.txt_From()[pri:4, instance:testCases.TC_01_CabBooking@53bd8fca]" name="txt_From" class="testCases.TC_01_CabBooking"/>
        <method signature="TC_01_CabBooking.txt_To()[pri:5, instance:testCases.TC_01_CabBooking@53bd8fca]" name="txt_To" class="testCases.TC_01_CabBooking"/>
        <method signature="TC_01_CabBooking.Date()[pri:6, instance:testCases.TC_01_CabBooking@53bd8fca]" name="Date" class="testCases.TC_01_CabBooking"/>
        <method signature="TC_01_CabBooking.time()[pri:7, instance:testCases.TC_01_CabBooking@53bd8fca]" name="time" class="testCases.TC_01_CabBooking"/>
        <method signature="TC_01_CabBooking.search()[pri:8, instance:testCases.TC_01_CabBooking@53bd8fca]" name="search" class="testCases.TC_01_CabBooking"/>
        <method signature="TC_01_CabBooking.SUV()[pri:9, instance:testCases.TC_01_CabBooking@53bd8fca]" name="SUV" class="testCases.TC_01_CabBooking"/>
        <method signature="TC_01_CabBooking.Printing_Lowest_price()[pri:10, instance:testCases.TC_01_CabBooking@53bd8fca]" name="Printing_Lowest_price" class="testCases.TC_01_CabBooking"/>
        <method signature="TC_02_weddingCard.Wedding_Card()[pri:12, instance:testCases.TC_02_weddingCard@1fdf1c5]" name="Wedding_Card" class="testCases.TC_02_weddingCard"/>
        <method signature="TC_02_weddingCard.Emailbutton()[pri:13, instance:testCases.TC_02_weddingCard@1fdf1c5]" name="Emailbutton" class="testCases.TC_02_weddingCard"/>
        <method signature="TC_02_weddingCard.SendEmail()[pri:14, instance:testCases.TC_02_weddingCard@1fdf1c5]" name="SendEmail" class="testCases.TC_02_weddingCard"/>
        <method signature="TC_02_weddingCard.BuyButton()[pri:15, instance:testCases.TC_02_weddingCard@1fdf1c5]" name="BuyButton" class="testCases.TC_02_weddingCard"/>
        <method signature="TC_02_weddingCard.error()[pri:16, instance:testCases.TC_02_weddingCard@1fdf1c5]" name="error" class="testCases.TC_02_weddingCard"/>
        <method signature="TC_03_Hotels.Guest()[pri:18, instance:testCases.TC_03_Hotels@2d96543c]" name="Guest" class="testCases.TC_03_Hotels"/>
        <method signature="TC_03_Hotels.adults()[pri:19, instance:testCases.TC_03_Hotels@2d96543c]" name="adults" class="testCases.TC_03_Hotels"/>
        <method signature="TC_03_Hotels.ExcelIntegration()[pri:20, instance:testCases.TC_03_Hotels@2d96543c]" name="ExcelIntegration" class="testCases.TC_03_Hotels"/>
      </group> <!-- master -->
    </groups>
    <test started-at="2024-03-09T22:31:03 IST" name="Test" finished-at="2024-03-09T22:32:51 IST" duration-ms="107743">
      <class name="testCases.TC_03_Hotels">
        <test-method signature="hotels()[pri:17, instance:testCases.TC_03_Hotels@2d96543c]" started-at="2024-03-09T22:32:39 IST" name="hotels" finished-at="2024-03-09T22:32:44 IST" duration-ms="4467" status="PASS">
          <reporter-output>
          </reporter-output>
        </test-method> <!-- hotels -->
        <test-method signature="Guest()[pri:18, instance:testCases.TC_03_Hotels@2d96543c]" started-at="2024-03-09T22:32:44 IST" name="Guest" finished-at="2024-03-09T22:32:45 IST" duration-ms="866" status="PASS">
          <reporter-output>
          </reporter-output>
        </test-method> <!-- Guest -->
        <test-method signature="adults()[pri:19, instance:testCases.TC_03_Hotels@2d96543c]" started-at="2024-03-09T22:32:45 IST" name="adults" finished-at="2024-03-09T22:32:47 IST" duration-ms="1252" status="PASS">
          <reporter-output>
          </reporter-output>
        </test-method> <!-- adults -->
        <test-method signature="ExcelIntegration()[pri:20, instance:testCases.TC_03_Hotels@2d96543c]" started-at="2024-03-09T22:32:47 IST" name="ExcelIntegration" finished-at="2024-03-09T22:32:49 IST" duration-ms="2095" status="PASS">
          <reporter-output>
          </reporter-output>
        </test-method> <!-- ExcelIntegration -->
      </class> <!-- testCases.TC_03_Hotels -->
      <class name="testCases.TC_01_CabBooking">
        <test-method is-config="true" signature="setup(java.lang.String,java.lang.String)[pri:0, instance:testCases.TC_01_CabBooking@53bd8fca]" started-at="2024-03-09T22:31:03 IST" name="setup" finished-at="2024-03-09T22:32:04 IST" duration-ms="60936" status="PASS">
          <params>
            <param index="0">
              <value>
                <![CDATA[windows]]>
              </value>
            </param>
            <param index="1">
              <value>
                <![CDATA[chrome]]>
              </value>
            </param>
          </params>
          <reporter-output>
          </reporter-output>
        </test-method> <!-- setup -->
        <test-method signature="Handle_Popup()[pri:2, instance:testCases.TC_01_CabBooking@53bd8fca]" started-at="2024-03-09T22:32:04 IST" name="Handle_Popup" finished-at="2024-03-09T22:32:07 IST" duration-ms="2599" status="PASS">
          <reporter-output>
          </reporter-output>
        </test-method> <!-- Handle_Popup -->
        <test-method signature="cabButton()[pri:3, instance:testCases.TC_01_CabBooking@53bd8fca]" started-at="2024-03-09T22:32:08 IST" name="cabButton" finished-at="2024-03-09T22:32:14 IST" duration-ms="6522" status="PASS">
          <reporter-output>
          </reporter-output>
        </test-method> <!-- cabButton -->
        <test-method signature="txt_From()[pri:4, instance:testCases.TC_01_CabBooking@53bd8fca]" started-at="2024-03-09T22:32:14 IST" name="txt_From" finished-at="2024-03-09T22:32:16 IST" duration-ms="1387" status="PASS">
          <reporter-output>
          </reporter-output>
        </test-method> <!-- txt_From -->
        <test-method signature="txt_To()[pri:5, instance:testCases.TC_01_CabBooking@53bd8fca]" started-at="2024-03-09T22:32:16 IST" name="txt_To" finished-at="2024-03-09T22:32:22 IST" duration-ms="5466" status="PASS">
          <reporter-output>
          </reporter-output>
        </test-method> <!-- txt_To -->
        <test-method signature="Date()[pri:6, instance:testCases.TC_01_CabBooking@53bd8fca]" started-at="2024-03-09T22:32:22 IST" name="Date" finished-at="2024-03-09T22:32:22 IST" duration-ms="138" status="PASS">
          <reporter-output>
          </reporter-output>
        </test-method> <!-- Date -->
        <test-method signature="time()[pri:7, instance:testCases.TC_01_CabBooking@53bd8fca]" started-at="2024-03-09T22:32:22 IST" name="time" finished-at="2024-03-09T22:32:22 IST" duration-ms="269" status="PASS">
          <reporter-output>
          </reporter-output>
        </test-method> <!-- time -->
        <test-method signature="search()[pri:8, instance:testCases.TC_01_CabBooking@53bd8fca]" started-at="2024-03-09T22:32:23 IST" name="search" finished-at="2024-03-09T22:32:28 IST" duration-ms="4839" status="PASS">
          <reporter-output>
          </reporter-output>
        </test-method> <!-- search -->
        <test-method signature="SUV()[pri:9, instance:testCases.TC_01_CabBooking@53bd8fca]" started-at="2024-03-09T22:32:28 IST" name="SUV" finished-at="2024-03-09T22:32:29 IST" duration-ms="1413" status="PASS">
          <reporter-output>
          </reporter-output>
        </test-method> <!-- SUV -->
        <test-method signature="Printing_Lowest_price()[pri:10, instance:testCases.TC_01_CabBooking@53bd8fca]" started-at="2024-03-09T22:32:30 IST" name="Printing_Lowest_price" finished-at="2024-03-09T22:32:30 IST" duration-ms="123" status="PASS">
          <reporter-output>
          </reporter-output>
        </test-method> <!-- Printing_Lowest_price -->
        <test-method is-config="true" signature="teardown()[pri:0, instance:testCases.TC_01_CabBooking@53bd8fca]" started-at="2024-03-09T22:32:49 IST" name="teardown" finished-at="2024-03-09T22:32:51 IST" duration-ms="1364" status="PASS">
          <reporter-output>
          </reporter-output>
        </test-method> <!-- teardown -->
      </class> <!-- testCases.TC_01_CabBooking -->
      <class name="testCases.TC_02_weddingCard">
        <test-method signature="Gift_cards()[pri:11, instance:testCases.TC_02_weddingCard@1fdf1c5]" started-at="2024-03-09T22:32:30 IST" name="Gift_cards" finished-at="2024-03-09T22:32:32 IST" duration-ms="2211" status="PASS">
          <reporter-output>
          </reporter-output>
        </test-method> <!-- Gift_cards -->
        <test-method signature="Wedding_Card()[pri:12, instance:testCases.TC_02_weddingCard@1fdf1c5]" started-at="2024-03-09T22:32:32 IST" name="Wedding_Card" finished-at="2024-03-09T22:32:33 IST" duration-ms="329" status="PASS">
          <reporter-output>
          </reporter-output>
        </test-method> <!-- Wedding_Card -->
        <test-method signature="Emailbutton()[pri:13, instance:testCases.TC_02_weddingCard@1fdf1c5]" started-at="2024-03-09T22:32:33 IST" name="Emailbutton" finished-at="2024-03-09T22:32:36 IST" duration-ms="3273" status="PASS">
          <reporter-output>
          </reporter-output>
        </test-method> <!-- Emailbutton -->
        <test-method signature="SendEmail()[pri:14, instance:testCases.TC_02_weddingCard@1fdf1c5]" started-at="2024-03-09T22:32:36 IST" name="SendEmail" finished-at="2024-03-09T22:32:37 IST" duration-ms="300" status="PASS">
          <reporter-output>
          </reporter-output>
        </test-method> <!-- SendEmail -->
        <test-method signature="BuyButton()[pri:15, instance:testCases.TC_02_weddingCard@1fdf1c5]" started-at="2024-03-09T22:32:37 IST" name="BuyButton" finished-at="2024-03-09T22:32:37 IST" duration-ms="247" status="PASS">
          <reporter-output>
          </reporter-output>
        </test-method> <!-- BuyButton -->
        <test-method signature="error()[pri:16, instance:testCases.TC_02_weddingCard@1fdf1c5]" started-at="2024-03-09T22:32:37 IST" name="error" finished-at="2024-03-09T22:32:39 IST" duration-ms="2044" status="PASS">
          <reporter-output>
          </reporter-output>
        </test-method> <!-- error -->
      </class> <!-- testCases.TC_02_weddingCard -->
    </test> <!-- Test -->
  </suite> <!-- Suite -->
</testng-results>
